[2021-09-24 11:28:20,553] multiqc                                            [DEBUG  ]  No MultiQC config found: /misc/ngseq10/packages/Dev/Python/3.8.3/lib/python3.8/site-packages/multiqc_config.yaml
[2021-09-24 11:28:20,554] multiqc                                            [DEBUG  ]  No MultiQC config found: /home/masaomi/.multiqc_config.yaml
[2021-09-24 11:28:20,554] multiqc                                            [DEBUG  ]  No MultiQC config found: multiqc_config.yaml
[2021-09-24 11:28:20,554] multiqc                                            [DEBUG  ]  Command used: /usr/local/ngseq/packages/Dev/Python/3.8.3/bin/multiqc .
[2021-09-24 11:28:20,795] multiqc                                            [WARNING]  MultiQC Version v1.11 now available!
[2021-09-24 11:28:20,795] multiqc                                            [INFO   ]  This is MultiQC v1.9
[2021-09-24 11:28:20,795] multiqc                                            [DEBUG  ]  Command     : /usr/local/ngseq/packages/Dev/Python/3.8.3/bin/multiqc .
[2021-09-24 11:28:20,795] multiqc                                            [DEBUG  ]  Working dir : /scratch/bio373_2021/masa/akam_samples1
[2021-09-24 11:28:20,795] multiqc                                            [INFO   ]  Template    : default
[2021-09-24 11:28:20,795] multiqc                                            [DEBUG  ]  Running Python 3.8.3 (default, Jun  5 2020, 11:23:46)  [GCC 8.3.0]
[2021-09-24 11:28:20,795] multiqc                                            [INFO   ]  Searching   : /scratch/bio373_2021/masa/akam_samples1
[2021-09-24 11:28:20,796] multiqc                                            [DEBUG  ]  Analysing modules: custom_content, conpair, peddy, somalier, methylQA, mosdepth, phantompeakqualtools, qualimap, preseq, quast, qorts, rna_seqc, rockhopper, rsem, rseqc, busco, goleft_indexcov, disambiguate, supernova, deeptools, sargasso, verifybamid, mirtrace, happy, mirtop, homer, macs2, theta2, snpeff, gatk, htseq, bcftools, featureCounts, fgbio, dragen, dedup, damageprofiler, biobambam2, mtnucratio, picard, prokka, samblaster, samtools, sexdeterrmine, bamtools, jellyfish, vcftools, longranger, stacks, varscan2, bbmap, bismark, biscuit, hicexplorer, hicup, hicpro, salmon, kallisto, slamdunk, star, hisat2, tophat, bowtie2, bowtie1, snpsplit, kat, leehom, adapterRemoval, clipandmerge, cutadapt, flexbar, kaiju, kraken, malt, trimmomatic, sickle, skewer, sortmerna, biobloomtools, fastq_screen, afterqc, fastp, fastqc, pycoqc, minionqc, multivcfanalyzer, clusterflow, bcl2fastq, interop, ivar, flash, seqyclean
[2021-09-24 11:28:20,796] multiqc                                            [DEBUG  ]  Using temporary directory for creating report: /tmp/tmpa35ypanl
[2021-09-24 11:28:20,812] multiqc                                            [DEBUG  ]  Ignoring file as matched an ignore pattern: akam_sample3.fastq
[2021-09-24 11:28:20,813] multiqc                                            [DEBUG  ]  Ignoring file as matched an ignore pattern: akam_sample4.fastq
[2021-09-24 11:28:20,813] multiqc                                            [DEBUG  ]  Ignoring file as matched an ignore pattern: akam_sample1.fastq
[2021-09-24 11:28:20,813] multiqc                                            [DEBUG  ]  Ignoring file as matched an ignore pattern: akam_sample2.fastq
[2021-09-24 11:28:20,828] multiqc                                            [DEBUG  ]  File ignored by hicexplorer because it exceeded search pattern filesize limit: akam_sample1_fastqc.html
[2021-09-24 11:28:20,830] multiqc                                            [DEBUG  ]  File ignored by longranger/invocation because it exceeded search pattern filesize limit: akam_sample1_fastqc.html
[2021-09-24 11:28:20,857] multiqc                                            [DEBUG  ]  File ignored by hicexplorer because it exceeded search pattern filesize limit: akam_sample2_fastqc.html
[2021-09-24 11:28:20,858] multiqc                                            [DEBUG  ]  File ignored by longranger/invocation because it exceeded search pattern filesize limit: akam_sample2_fastqc.html
[2021-09-24 11:28:20,882] multiqc                                            [DEBUG  ]  File ignored by hicexplorer because it exceeded search pattern filesize limit: akam_sample3_fastqc.html
[2021-09-24 11:28:20,883] multiqc                                            [DEBUG  ]  File ignored by longranger/invocation because it exceeded search pattern filesize limit: akam_sample3_fastqc.html
[2021-09-24 11:28:20,907] multiqc                                            [DEBUG  ]  File ignored by hicexplorer because it exceeded search pattern filesize limit: akam_sample4_fastqc.html
[2021-09-24 11:28:20,908] multiqc                                            [DEBUG  ]  File ignored by longranger/invocation because it exceeded search pattern filesize limit: akam_sample4_fastqc.html
[2021-09-24 11:28:21,354] multiqc.plots.bargraph                             [DEBUG  ]  Using matplotlib version 3.2.1
[2021-09-24 11:28:21,356] multiqc.plots.linegraph                            [DEBUG  ]  Using matplotlib version 3.2.1
[2021-09-24 11:28:21,359] multiqc                                            [DEBUG  ]  No samples found: custom_content
[2021-09-24 11:28:21,364] multiqc                                            [DEBUG  ]  No samples found: conpair
[2021-09-24 11:28:21,368] multiqc                                            [DEBUG  ]  No samples found: peddy
[2021-09-24 11:28:21,373] multiqc                                            [DEBUG  ]  No samples found: somalier
[2021-09-24 11:28:21,378] multiqc                                            [DEBUG  ]  No samples found: methylQA
[2021-09-24 11:28:21,387] multiqc                                            [DEBUG  ]  No samples found: mosdepth
[2021-09-24 11:28:21,392] multiqc                                            [DEBUG  ]  No samples found: phantompeakqualtools
[2021-09-24 11:28:21,395] multiqc                                            [DEBUG  ]  No samples found: qualimap
[2021-09-24 11:28:21,400] multiqc                                            [DEBUG  ]  No samples found: preseq
[2021-09-24 11:28:21,405] multiqc                                            [DEBUG  ]  No samples found: quast
[2021-09-24 11:28:21,410] multiqc                                            [DEBUG  ]  No samples found: qorts
[2021-09-24 11:28:21,415] multiqc                                            [DEBUG  ]  No samples found: rna_seqc
[2021-09-24 11:28:21,420] multiqc                                            [DEBUG  ]  No samples found: rockhopper
[2021-09-24 11:28:21,425] multiqc                                            [DEBUG  ]  No samples found: rsem
[2021-09-24 11:28:21,443] multiqc                                            [DEBUG  ]  No samples found: rseqc
[2021-09-24 11:28:21,447] multiqc                                            [DEBUG  ]  No samples found: busco
[2021-09-24 11:28:21,452] multiqc                                            [DEBUG  ]  No samples found: goleft_indexcov
[2021-09-24 11:28:21,457] multiqc                                            [DEBUG  ]  No samples found: disambiguate
[2021-09-24 11:28:21,462] multiqc                                            [DEBUG  ]  No samples found: supernova
[2021-09-24 11:28:21,478] multiqc                                            [DEBUG  ]  No samples found: deeptools
[2021-09-24 11:28:21,483] multiqc                                            [DEBUG  ]  No samples found: sargasso
[2021-09-24 11:28:21,488] multiqc                                            [DEBUG  ]  No samples found: verifybamid
[2021-09-24 11:28:21,493] multiqc                                            [DEBUG  ]  No samples found: mirtrace
[2021-09-24 11:28:21,499] multiqc                                            [DEBUG  ]  No samples found: happy
[2021-09-24 11:28:21,504] multiqc                                            [DEBUG  ]  No samples found: mirtop
[2021-09-24 11:28:21,513] multiqc                                            [DEBUG  ]  No samples found: homer
[2021-09-24 11:28:21,517] multiqc                                            [DEBUG  ]  No samples found: macs2
[2021-09-24 11:28:21,522] multiqc                                            [DEBUG  ]  No samples found: theta2
[2021-09-24 11:28:21,526] multiqc                                            [DEBUG  ]  No samples found: snpeff
[2021-09-24 11:28:21,533] multiqc                                            [DEBUG  ]  No samples found: gatk
[2021-09-24 11:28:21,538] multiqc                                            [DEBUG  ]  No samples found: htseq
[2021-09-24 11:28:21,543] multiqc                                            [DEBUG  ]  No samples found: bcftools
[2021-09-24 11:28:21,548] multiqc                                            [DEBUG  ]  No samples found: featureCounts
[2021-09-24 11:28:21,554] multiqc                                            [DEBUG  ]  No samples found: fgbio
[2021-09-24 11:28:21,568] multiqc                                            [DEBUG  ]  No samples found: dragen
[2021-09-24 11:28:21,572] multiqc                                            [DEBUG  ]  No samples found: dedup
[2021-09-24 11:28:21,577] multiqc                                            [DEBUG  ]  No samples found: damageprofiler
[2021-09-24 11:28:21,602] multiqc                                            [DEBUG  ]  No samples found: biobambam2
[2021-09-24 11:28:21,606] multiqc                                            [DEBUG  ]  No samples found: mtnucratio
[2021-09-24 11:28:21,608] multiqc                                            [DEBUG  ]  No samples found: picard
[2021-09-24 11:28:21,613] multiqc                                            [DEBUG  ]  No samples found: prokka
[2021-09-24 11:28:21,617] multiqc                                            [DEBUG  ]  No samples found: samblaster
[2021-09-24 11:28:21,626] multiqc                                            [DEBUG  ]  No samples found: samtools
[2021-09-24 11:28:21,630] multiqc                                            [DEBUG  ]  No samples found: sexdeterrmine
[2021-09-24 11:28:21,636] multiqc                                            [DEBUG  ]  No samples found: bamtools
[2021-09-24 11:28:21,641] multiqc                                            [DEBUG  ]  No samples found: jellyfish
[2021-09-24 11:28:21,649] multiqc                                            [DEBUG  ]  No samples found: vcftools
[2021-09-24 11:28:21,654] multiqc                                            [DEBUG  ]  No samples found: longranger
[2021-09-24 11:28:21,658] multiqc                                            [DEBUG  ]  No samples found: stacks
[2021-09-24 11:28:21,663] multiqc                                            [DEBUG  ]  No samples found: varscan2
[2021-09-24 11:28:21,680] multiqc                                            [DEBUG  ]  No samples found: bbmap
[2021-09-24 11:28:21,684] multiqc                                            [DEBUG  ]  No samples found: bismark
[2021-09-24 11:28:21,689] multiqc                                            [DEBUG  ]  No samples found: biscuit
[2021-09-24 11:28:21,694] multiqc                                            [DEBUG  ]  No samples found: hicexplorer
[2021-09-24 11:28:21,698] multiqc                                            [DEBUG  ]  No samples found: hicup
[2021-09-24 11:28:21,703] multiqc                                            [DEBUG  ]  No samples found: hicpro
[2021-09-24 11:28:21,707] multiqc                                            [DEBUG  ]  No samples found: salmon
[2021-09-24 11:28:21,712] multiqc                                            [DEBUG  ]  No samples found: kallisto
[2021-09-24 11:28:21,716] multiqc                                            [DEBUG  ]  No samples found: slamdunk
[2021-09-24 11:28:21,721] multiqc                                            [DEBUG  ]  No samples found: star
[2021-09-24 11:28:21,725] multiqc                                            [DEBUG  ]  No samples found: hisat2
[2021-09-24 11:28:21,730] multiqc                                            [DEBUG  ]  No samples found: tophat
[2021-09-24 11:28:21,734] multiqc                                            [DEBUG  ]  No samples found: bowtie2
[2021-09-24 11:28:21,739] multiqc                                            [DEBUG  ]  No samples found: bowtie1
[2021-09-24 11:28:21,743] multiqc                                            [DEBUG  ]  No samples found: snpsplit
[2021-09-24 11:28:21,750] multiqc                                            [DEBUG  ]  No samples found: kat
[2021-09-24 11:28:21,754] multiqc                                            [DEBUG  ]  No samples found: leehom
[2021-09-24 11:28:21,759] multiqc                                            [DEBUG  ]  No samples found: adapterRemoval
[2021-09-24 11:28:21,763] multiqc                                            [DEBUG  ]  No samples found: clipandmerge
[2021-09-24 11:28:21,768] multiqc                                            [DEBUG  ]  No samples found: cutadapt
[2021-09-24 11:28:21,772] multiqc                                            [DEBUG  ]  No samples found: flexbar
[2021-09-24 11:28:21,777] multiqc                                            [DEBUG  ]  No samples found: kaiju
[2021-09-24 11:28:21,782] multiqc                                            [DEBUG  ]  No samples found: kraken
[2021-09-24 11:28:21,786] multiqc                                            [DEBUG  ]  No samples found: malt
[2021-09-24 11:28:21,790] multiqc                                            [DEBUG  ]  No samples found: trimmomatic
[2021-09-24 11:28:21,795] multiqc                                            [DEBUG  ]  No samples found: sickle
[2021-09-24 11:28:21,799] multiqc                                            [DEBUG  ]  No samples found: skewer
[2021-09-24 11:28:21,804] multiqc                                            [DEBUG  ]  No samples found: sortmerna
[2021-09-24 11:28:21,808] multiqc                                            [DEBUG  ]  No samples found: biobloomtools
[2021-09-24 11:28:21,813] multiqc                                            [DEBUG  ]  No samples found: fastq_screen
[2021-09-24 11:28:21,817] multiqc                                            [DEBUG  ]  No samples found: afterqc
[2021-09-24 11:28:21,822] multiqc                                            [DEBUG  ]  No samples found: fastp
[2021-09-24 11:28:21,837] multiqc.modules.fastqc.fastqc                      [INFO   ]  Found 4 reports
[2021-09-24 11:28:21,881] multiqc                                            [DEBUG  ]  No samples found: pycoqc
[2021-09-24 11:28:21,886] multiqc                                            [DEBUG  ]  No samples found: minionqc
[2021-09-24 11:28:21,890] multiqc                                            [DEBUG  ]  No samples found: multivcfanalyzer
[2021-09-24 11:28:21,895] multiqc                                            [DEBUG  ]  No samples found: clusterflow
[2021-09-24 11:28:21,899] multiqc                                            [DEBUG  ]  No samples found: bcl2fastq
[2021-09-24 11:28:21,904] multiqc                                            [DEBUG  ]  No samples found: interop
[2021-09-24 11:28:21,908] multiqc                                            [DEBUG  ]  No samples found: ivar
[2021-09-24 11:28:21,913] multiqc                                            [DEBUG  ]  No samples found: flash
[2021-09-24 11:28:21,917] multiqc                                            [DEBUG  ]  No samples found: seqyclean
[2021-09-24 11:28:21,922] multiqc                                            [INFO   ]  Compressing plot data
[2021-09-24 11:28:21,966] multiqc                                            [INFO   ]  Report      : multiqc_report.html
[2021-09-24 11:28:21,966] multiqc                                            [INFO   ]  Data        : multiqc_data
[2021-09-24 11:28:21,966] multiqc                                            [DEBUG  ]  Moving data file from '/tmp/tmpa35ypanl/multiqc_data' to '/scratch/bio373_2021/masa/akam_samples1/multiqc_data'
[2021-09-24 11:28:22,089] multiqc                                            [INFO   ]  MultiQC complete
